<?xml version="1.0" encoding="UTF-8"?>
<testsuite xmlns:xsi="http://www.w3.org/2001/XMLSchema-instance" xsi:noNamespaceSchemaLocation="https://maven.apache.org/surefire/maven-surefire-plugin/xsd/surefire-test-report-3.0.xsd" version="3.0" name="croki.api.controller.ClientsControllerTest" time="4.84" tests="2" errors="0" skipped="0" failures="0">
  <properties>
[...]
</properties>
  <testcase name="createClientScenario1" classname="croki.api.controller.ClientsControllerTest" time="0.123">
    <system-out><![CDATA[17:22:41.169 [main] INFO org.springframework.test.context.support.AnnotationConfigContextLoaderUtils -- Could not detect default configuration classes for test class [croki.api.controller.ClientsControllerTest]: ClientsControllerTest does not declare any static, non-private, non-final, nested classes annotated with @Configuration.
17:22:41.235 [main] INFO org.springframework.boot.test.context.SpringBootTestContextBootstrapper -- Found @SpringBootConfiguration croki.api.ApiApplication for test class croki.api.controller.ClientsControllerTest
17:22:41.320 [main] INFO org.springframework.boot.devtools.restart.RestartApplicationListener -- Restart disabled due to context in which it is running

  .   ____          _            __ _ _
 /\\ / ___'_ __ _ _(_)_ __  __ _ \ \ \ \
( ( )\___ | '_ | '_| | '_ \/ _` | \ \ \ \
 \\/  ___)| |_)| | | | | || (_| |  ) ) ) )
  '  |____| .__|_| |_|_| |_\__, | / / / /
 =========|_|==============|___/=/_/_/_/
 :: Spring Boot ::                (v3.1.5)

2023-12-28T17:22:41.496-05:00  INFO 36488 --- [           main] c.api.controller.ClientsControllerTest   : Starting ClientsControllerTest using Java 17.0.7 with PID 36488 (started by jonathan in /home/jonathan/code-projects/croki-api/api)
2023-12-28T17:22:41.497-05:00  INFO 36488 --- [           main] c.api.controller.ClientsControllerTest   : No active profile set, falling back to 1 default profile: "default"
2023-12-28T17:22:41.981-05:00  INFO 36488 --- [           main] .s.d.r.c.RepositoryConfigurationDelegate : Bootstrapping Spring Data JPA repositories in DEFAULT mode.
2023-12-28T17:22:42.021-05:00  INFO 36488 --- [           main] .s.d.r.c.RepositoryConfigurationDelegate : Finished Spring Data repository scanning in 34 ms. Found 3 JPA repository interfaces.
2023-12-28T17:22:43.101-05:00  INFO 36488 --- [           main] o.f.c.internal.license.VersionPrinter    : Flyway Community Edition 9.16.3 by Redgate
2023-12-28T17:22:43.102-05:00  INFO 36488 --- [           main] o.f.c.internal.license.VersionPrinter    : See release notes here: https://rd.gt/416ObMi
2023-12-28T17:22:43.102-05:00  INFO 36488 --- [           main] o.f.c.internal.license.VersionPrinter    : 
2023-12-28T17:22:43.111-05:00  INFO 36488 --- [           main] com.zaxxer.hikari.HikariDataSource       : HikariPool-1 - Starting...
2023-12-28T17:22:43.340-05:00  INFO 36488 --- [           main] com.zaxxer.hikari.pool.HikariPool        : HikariPool-1 - Added connection com.mysql.cj.jdbc.ConnectionImpl@2fea9a7b
2023-12-28T17:22:43.342-05:00  INFO 36488 --- [           main] com.zaxxer.hikari.HikariDataSource       : HikariPool-1 - Start completed.
2023-12-28T17:22:43.360-05:00  INFO 36488 --- [           main] o.f.c.i.database.base.BaseDatabaseType   : Database: jdbc:mysql://localhost/croki_db (MySQL 8.0)
2023-12-28T17:22:43.393-05:00  INFO 36488 --- [           main] o.f.core.internal.command.DbValidate     : Successfully validated 3 migrations (execution time 00:00.018s)
2023-12-28T17:22:43.405-05:00  INFO 36488 --- [           main] o.f.core.internal.command.DbMigrate      : Current version of schema `croki_db`: 3
2023-12-28T17:22:43.406-05:00  INFO 36488 --- [           main] o.f.core.internal.command.DbMigrate      : Schema `croki_db` is up to date. No migration necessary.
2023-12-28T17:22:43.471-05:00  INFO 36488 --- [           main] o.hibernate.jpa.internal.util.LogHelper  : HHH000204: Processing PersistenceUnitInfo [name: default]
2023-12-28T17:22:43.499-05:00  INFO 36488 --- [           main] org.hibernate.Version                    : HHH000412: Hibernate ORM core version 6.2.13.Final
2023-12-28T17:22:43.500-05:00  INFO 36488 --- [           main] org.hibernate.cfg.Environment            : HHH000406: Using bytecode reflection optimizer
2023-12-28T17:22:43.580-05:00  INFO 36488 --- [           main] o.s.o.j.p.SpringPersistenceUnitInfo      : No LoadTimeWeaver setup: ignoring JPA class transformer
2023-12-28T17:22:44.376-05:00  INFO 36488 --- [           main] o.h.e.t.j.p.i.JtaPlatformInitiator       : HHH000489: No JTA platform available (set 'hibernate.transaction.jta.platform' to enable JTA platform integration)
2023-12-28T17:22:44.380-05:00  INFO 36488 --- [           main] j.LocalContainerEntityManagerFactoryBean : Initialized JPA EntityManagerFactory for persistence unit 'default'
2023-12-28T17:22:44.753-05:00  INFO 36488 --- [           main] o.s.d.j.r.query.QueryEnhancerFactory     : Hibernate is in classpath; If applicable, HQL parser will be used.
2023-12-28T17:22:45.058-05:00  WARN 36488 --- [           main] JpaBaseConfiguration$JpaWebConfiguration : spring.jpa.open-in-view is enabled by default. Therefore, database queries may be performed during view rendering. Explicitly configure spring.jpa.open-in-view to disable this warning
2023-12-28T17:22:45.126-05:00  INFO 36488 --- [           main] o.s.s.web.DefaultSecurityFilterChain     : Will secure any request with [org.springframework.security.web.session.DisableEncodeUrlFilter@40cb19d5, org.springframework.security.web.context.request.async.WebAsyncManagerIntegrationFilter@71d92487, org.springframework.security.web.context.SecurityContextHolderFilter@a700311, org.springframework.security.web.header.HeaderWriterFilter@3f29e67e, org.springframework.security.web.authentication.logout.LogoutFilter@6b8de9dc, croki.api.infra.security.SecurityFilter@5f63a6f2, org.springframework.security.web.savedrequest.RequestCacheAwareFilter@32e9c8, org.springframework.security.web.servletapi.SecurityContextHolderAwareRequestFilter@7f3616d2, org.springframework.security.web.authentication.AnonymousAuthenticationFilter@c9a8e12, org.springframework.security.web.session.SessionManagementFilter@5dbd7f00, org.springframework.security.web.access.ExceptionTranslationFilter@5b34e7bd, org.springframework.security.web.access.intercept.AuthorizationFilter@3a516e4d]
2023-12-28T17:22:45.593-05:00  INFO 36488 --- [           main] o.s.b.t.m.w.SpringBootMockServletContext : Initializing Spring TestDispatcherServlet ''
2023-12-28T17:22:45.593-05:00  INFO 36488 --- [           main] o.s.t.web.servlet.TestDispatcherServlet  : Initializing Servlet ''
2023-12-28T17:22:45.595-05:00  INFO 36488 --- [           main] o.s.t.web.servlet.TestDispatcherServlet  : Completed initialization in 1 ms
2023-12-28T17:22:45.620-05:00  INFO 36488 --- [           main] c.api.controller.ClientsControllerTest   : Started ClientsControllerTest in 4.307 seconds (process running for 4.87)
null
2023-12-28T17:22:45.706-05:00  WARN 36488 --- [           main] .w.s.m.s.DefaultHandlerExceptionResolver : Resolved [org.springframework.http.converter.HttpMessageNotReadableException: Required request body is missing: public org.springframework.http.ResponseEntity<croki.api.domain.clients.dto.ClientDetailingDTO> croki.api.controller.ClientsController.create(croki.api.domain.clients.dto.CreateClientDTO,org.springframework.web.util.UriComponentsBuilder)]
]]></system-out>
  </testcase>
  <testcase name="createClientScenario2" classname="croki.api.controller.ClientsControllerTest" time="0.137">
    <system-out><![CDATA[null
]]></system-out>
  </testcase>
</testsuite>